#
# A fatal error has been detected by the Java Runtime Environment:
#
#  EXCEPTION_ACCESS_VIOLATION (0xc0000005) at pc=0x6d8ebfdb, pid=3084, tid=5228
#
# JRE version: 7.0_03-b05
# Java VM: Java HotSpot(TM) Client VM (22.1-b02 mixed mode windows-x86 )
# Problematic frame:
# V  [jvm.dll+0xbbfdb]
#
# Failed to write core dump. Minidumps are not enabled by default on client versions of Windows
#
# If you would like to submit a bug report, please visit:
#   http://bugreport.sun.com/bugreport/crash.jsp
#

---------------  T H R E A D  ---------------

Current thread (0x16d45800):  JavaThread "JDWP Transport Listener: dt_socket" daemon [_thread_in_vm, id=5228, stack(0x17010000,0x17060000)]

siginfo: ExceptionCode=0xc0000005, reading address 0x00003b73

Registers:
EAX=0x00003b73, EBX=0x00000000, ECX=0x00003b73, EDX=0x00000000
ESP=0x1705fc18, EBP=0x1705fc1c, ESI=0x16d45800, EDI=0x003c5518
EIP=0x6d8ebfdb, EFLAGS=0x00010202

Top of Stack: (sp=0x1705fc18)
0x1705fc18:   16d45800 1705fc48 6da0622a 00003b73
0x1705fc28:   1705fd00 1705fc83 16d45800 00000000
0x1705fc38:   00000000 00000000 16d45800 16d45800
0x1705fc48:   1705fc84 6d359d5c 003c5518 00003b73
0x1705fc58:   1705fc83 00003b73 6d34436d 00003b73
0x1705fc68:   1705fc83 00000005 00000000 00000000
0x1705fc78:   0000000a 00000000 00d51ccc 1705fca4
0x1705fc88:   6d3444e0 00000001 1705fcc0 1705fcfc 

Instructions: (pc=0x6d8ebfdb)
0x6d8ebfbb:   0c 5f 5e 5d c2 0c 00 cc cc cc cc cc cc cc cc cc
0x6d8ebfcb:   cc cc cc cc cc 55 8b ec 8b 45 08 56 85 c0 74 28
0x6d8ebfdb:   8b 30 85 f6 74 22 81 fe fe fe fe fe 74 1a 8b 4e
0x6d8ebfeb:   04 8b 41 08 8b 90 90 00 00 00 83 c1 08 ff d2 84 


Register to memory mapping:

EAX=0x00003b73 is an unknown value
EBX=0x00000000 is an unknown value
ECX=0x00003b73 is an unknown value
EDX=0x00000000 is an unknown value
ESP=0x1705fc18 is pointing into the stack for thread: 0x16d45800
EBP=0x1705fc1c is pointing into the stack for thread: 0x16d45800
ESI=0x16d45800 is a thread
EDI=0x003c5518 is an unknown value


Stack: [0x17010000,0x17060000],  sp=0x1705fc18,  free space=319k
Native frames: (J=compiled Java code, j=interpreted, Vv=VM code, C=native code)
V  [jvm.dll+0xbbfdb]
V  [jvm.dll+0x1d622a]
C  [jdwp.dll+0x19d5c]
C  [jdwp.dll+0x44e0]
C  [jdwp.dll+0x451e]


---------------  P R O C E S S  ---------------

Java Threads: ( => current thread )
  0x16d5c800 JavaThread "Service Thread" daemon [_thread_blocked, id=5128, stack(0x17150000,0x171a0000)]
  0x16d53000 JavaThread "C1 CompilerThread0" daemon [_thread_blocked, id=4056, stack(0x17100000,0x17150000)]
  0x16d49c00 JavaThread "JDWP Command Reader" daemon [_thread_in_native, id=5692, stack(0x170b0000,0x17100000)]
  0x16d47c00 JavaThread "JDWP Event Helper Thread" daemon [_thread_blocked, id=5556, stack(0x17060000,0x170b0000)]
=>0x16d45800 JavaThread "JDWP Transport Listener: dt_socket" daemon [_thread_in_vm, id=5228, stack(0x17010000,0x17060000)]
  0x16d39400 JavaThread "Attach Listener" daemon [_thread_blocked, id=3532, stack(0x16f70000,0x16fc0000)]
  0x16d38000 JavaThread "Signal Dispatcher" daemon [_thread_blocked, id=3832, stack(0x16f20000,0x16f70000)]
  0x16c10800 JavaThread "Finalizer" daemon [_thread_blocked, id=4136, stack(0x16cd0000,0x16d20000)]
  0x16c0b800 JavaThread "Reference Handler" daemon [_thread_blocked, id=3840, stack(0x16c80000,0x16cd0000)]
  0x003c7400 JavaThread "main" [_thread_blocked, id=5324, stack(0x00900000,0x00950000)]

Other Threads:
  0x16c06000 VMThread [stack: 0x16c30000,0x16c80000] [id=3760]
  0x16d5fc00 WatcherThread [stack: 0x171a0000,0x171f0000] [id=2224]

VM state:not at safepoint (normal execution)

VM Mutex/Monitor currently owned by a thread: None

Heap
 def new generation   total 4928K, used 722K [0x029f0000, 0x02f40000, 0x07f40000)
  eden space 4416K,  16% used [0x029f0000, 0x02aa4bf8, 0x02e40000)
  from space 512K,   0% used [0x02e40000, 0x02e40000, 0x02ec0000)
  to   space 512K,   0% used [0x02ec0000, 0x02ec0000, 0x02f40000)
 tenured generation   total 10944K, used 0K [0x07f40000, 0x089f0000, 0x129f0000)
   the space 10944K,   0% used [0x07f40000, 0x07f40000, 0x07f40200, 0x089f0000)
 compacting perm gen  total 12288K, used 2270K [0x129f0000, 0x135f0000, 0x169f0000)
   the space 12288K,  18% used [0x129f0000, 0x12c27ac0, 0x12c27c00, 0x135f0000)
No shared spaces configured.

Code Cache  [0x00970000, 0x00a10000, 0x02970000)
 total_blobs=159 nmethods=20 adapters=84 free_code_cache=32152Kb largest_free_block=32923648

Dynamic libraries:
0x00400000 - 0x0042f000 	C:\Program Files\Java\jre7\bin\javaw.exe
0x7c900000 - 0x7c9b2000 	C:\WINDOWS\system32\ntdll.dll
0x7c800000 - 0x7c8f6000 	C:\WINDOWS\system32\kernel32.dll
0x77dd0000 - 0x77e6b000 	C:\WINDOWS\system32\ADVAPI32.dll
0x77e70000 - 0x77f02000 	C:\WINDOWS\system32\RPCRT4.dll
0x77fe0000 - 0x77ff1000 	C:\WINDOWS\system32\Secur32.dll
0x7e410000 - 0x7e4a1000 	C:\WINDOWS\system32\USER32.dll
0x77f10000 - 0x77f59000 	C:\WINDOWS\system32\GDI32.dll
0x773d0000 - 0x774d3000 	C:\WINDOWS\WinSxS\x86_Microsoft.Windows.Common-Controls_6595b64144ccf1df_6.0.2600.5512_x-ww_35d4ce83\COMCTL32.dll
0x77c10000 - 0x77c68000 	C:\WINDOWS\system32\msvcrt.dll
0x77f60000 - 0x77fd6000 	C:\WINDOWS\system32\SHLWAPI.dll
0x76390000 - 0x763ad000 	C:\WINDOWS\system32\IMM32.DLL
0x78aa0000 - 0x78b5e000 	C:\Program Files\Java\jre7\bin\msvcr100.dll
0x6d830000 - 0x6db58000 	C:\Program Files\Java\jre7\bin\client\jvm.dll
0x71ad0000 - 0x71ad9000 	C:\WINDOWS\system32\WSOCK32.dll
0x71ab0000 - 0x71ac7000 	C:\WINDOWS\system32\WS2_32.dll
0x71aa0000 - 0x71aa8000 	C:\WINDOWS\system32\WS2HELP.dll
0x76b40000 - 0x76b6d000 	C:\WINDOWS\system32\WINMM.dll
0x76bf0000 - 0x76bfb000 	C:\WINDOWS\system32\PSAPI.DLL
0x6d7c0000 - 0x6d7cc000 	C:\Program Files\Java\jre7\bin\verify.dll
0x6d2f0000 - 0x6d310000 	C:\Program Files\Java\jre7\bin\java.dll
0x6d340000 - 0x6d36a000 	C:\Program Files\Java\jre7\bin\jdwp.dll
0x6d670000 - 0x6d677000 	C:\Program Files\Java\jre7\bin\npt.dll
0x6d810000 - 0x6d823000 	C:\Program Files\Java\jre7\bin\zip.dll
0x6d210000 - 0x6d218000 	C:\Program Files\Java\jre7\bin\dt_socket.dll
0x71a50000 - 0x71a8f000 	C:\WINDOWS\System32\mswsock.dll
0x76f20000 - 0x76f47000 	C:\WINDOWS\system32\DNSAPI.dll
0x76fb0000 - 0x76fb8000 	C:\WINDOWS\System32\winrnr.dll
0x76f60000 - 0x76f8c000 	C:\WINDOWS\system32\WLDAP32.dll
0x76fc0000 - 0x76fc6000 	C:\WINDOWS\system32\rasadhlp.dll
0x662b0000 - 0x66308000 	C:\WINDOWS\system32\hnetcfg.dll
0x71a90000 - 0x71a98000 	C:\WINDOWS\System32\wshtcpip.dll
0x6d5e0000 - 0x6d5f4000 	C:\Program Files\Java\jre7\bin\net.dll
0x6d600000 - 0x6d60f000 	C:\Program Files\Java\jre7\bin\nio.dll

VM Arguments:
jvm_args: -agentlib:jdwp=transport=dt_socket,suspend=y,address=localhost:2174 -Dfile.encoding=Cp1252 
java_command: Solution.HowManyDays
Launcher Type: SUN_STANDARD

Environment Variables:
CLASSPATH=.;C:\Program Files\Java\jre7\lib\ext\QTJava.zip
PATH=C:/Program Files/Java/jre7/bin/client;C:/Program Files/Java/jre7/bin;C:/Program Files/Java/jre7/lib/i386;C:\WINDOWS\system32;C:\WINDOWS;C:\WINDOWS\System32\Wbem;c:\Program Files\Microsoft SQL Server\90\Tools\binn\;c:\Program Files\Microsoft SQL Server\100\Tools\Binn\;c:\Program Files\Microsoft SQL Server\100\DTS\Binn\;C:\Program Files\Java\jdk1.7.0_03\bin\;C:\WINDOWS\system32\WindowsPowerShell\v1.0;C:\Program Files\QuickTime\QTSystem\;C:\Eclipse_Kepler_32\eclipse;
USERNAME=SPotter
OS=Windows_NT
PROCESSOR_IDENTIFIER=x86 Family 16 Model 6 Stepping 2, AuthenticAMD



---------------  S Y S T E M  ---------------

OS: Windows XP Build 2600 Service Pack 3

CPU:total 2 (2 cores per cpu, 1 threads per core) family 16 model 6 stepping 2, cmov, cx8, fxsr, mmx, sse, sse2, sse3, popcnt, mmxext, 3dnowpref, lzcnt, sse4a

Memory: 4k page, physical 2880300k(1343080k free), swap 4811252k(3289160k free)

vm_info: Java HotSpot(TM) Client VM (22.1-b02) for windows-x86 JRE (1.7.0_03-b05), built on Feb  3 2012 20:43:37 by "java_re" with unknown MS VC++:1600

time: Wed Mar 26 09:33:55 2014
elapsed time: 961 seconds

